<?xml version="1.0" encoding="UTF-8"?>
<testng-results skipped="0" failed="0" ignored="0" total="1" passed="1">
  <reporter-output>
  </reporter-output>
  <suite name="Default suite" duration-ms="4100" started-at="2022-08-07T00:25:07 IST" finished-at="2022-08-07T00:25:12 IST">
    <groups>
    </groups>
    <test name="Default test" duration-ms="4100" started-at="2022-08-07T00:25:07 IST" finished-at="2022-08-07T00:25:12 IST">
      <class name="getExamples.BDDStyleGETRequest">
        <test-method status="PASS" signature="GetBookingIds_VerifyStatusCode()[pri:0, instance:getExamples.BDDStyleGETRequest@4973813a]" name="GetBookingIds_VerifyStatusCode" duration-ms="4045" started-at="2022-08-07T00:25:08 IST" finished-at="2022-08-07T00:25:12 IST">
          <reporter-output>
          </reporter-output>
        </test-method> <!-- GetBookingIds_VerifyStatusCode -->
      </class> <!-- getExamples.BDDStyleGETRequest -->
    </test> <!-- Default test -->
  </suite> <!-- Default suite -->
</testng-results>
